{
  "RSpec": {
    "coverage": {
      "/home/synotik/tic-tac-toe-rb-online-web-sp-000/lib/tic_tac_toe.rb": [
        null,
        1,
        null,
        null,
        null,
        null,
        null,
        null,
        null,
        null,
        null,
        1,
        0,
        0,
        0,
        0,
        0,
        null,
        null,
        1,
        19726,
        null,
        null,
        1,
        16,
        null,
        null,
        1,
        19588,
        16,
        null,
        19572,
        null,
        null,
        null,
        1,
        19726,
        16,
        null,
        19710,
        null,
        null,
        null,
        1,
        19732,
        19729,
        19726,
        19726,
        16,
        null,
        19710,
        null,
        null,
        null,
        1,
        0,
        0,
        0,
        0,
        null,
        null,
        0,
        null,
        null,
        1,
        0,
        0,
        null,
        0,
        null,
        null,
        null,
        1,
        null,
        11,
        null,
        11,
        null,
        60,
        60,
        60,
        null,
        60,
        60,
        60,
        null,
        60,
        4,
        56,
        0,
        null,
        null,
        7,
        null,
        null,
        1,
        27,
        8,
        null,
        0,
        null,
        null,
        null,
        1,
        3,
        0,
        3,
        0,
        null,
        null,
        null,
        1,
        8,
        3,
        5,
        0,
        5,
        0,
        null,
        5,
        null,
        null,
        null,
        1,
        3,
        2,
        2,
        null,
        null,
        null,
        null,
        null,
        1,
        24,
        16,
        4,
        null,
        12,
        null,
        null
      ]
    },
    "timestamp": 1601248411
  }
}
