{
  "RSpec": {
    "coverage": {
      "/home/synotik/tic-tac-toe-rb-online-web-sp-000/lib/tic_tac_toe.rb": [
        null,
        1,
        null,
        null,
        null,
        null,
        null,
        null,
        null,
        null,
        null,
        1,
        2,
        2,
        2,
        2,
        2,
        null,
        null,
        1,
        6,
        null,
        null,
        1,
        5,
        null,
        null,
        1,
        8,
        5,
        null,
        3,
        null,
        null,
        null,
        1,
        6,
        3,
        null,
        3,
        null,
        null,
        null,
        1,
        3,
        3,
        3,
        3,
        2,
        null,
        1,
        null,
        null,
        null,
        1,
        2,
        2,
        18,
        5,
        null,
        null,
        2,
        null,
        null,
        1,
        1,
        1,
        null,
        0,
        null,
        null,
        null,
        1,
        null,
        11,
        null,
        11,
        null,
        81,
        81,
        81,
        null,
        81,
        81,
        81,
        null,
        81,
        4,
        77,
        0,
        null,
        null,
        7,
        null,
        null,
        1,
        49,
        3,
        null,
        4,
        null,
        null,
        null,
        1,
        7,
        2,
        5,
        3,
        null,
        null,
        null,
        1,
        3,
        1,
        2,
        1,
        1,
        0,
        null,
        1,
        null,
        null
      ]
    },
    "timestamp": 1601247856
  }
}
